#
# There is insufficient memory for the Java Runtime Environment to continue.
# Native memory allocation (malloc) failed to allocate 1505696 bytes for Chunk::new
# Possible reasons:
#   The system is out of physical RAM or swap space
#   In 32 bit mode, the process size limit was hit
# Possible solutions:
#   Reduce memory load on the system
#   Increase physical memory or swap space
#   Check if swap backing store is full
#   Use 64 bit Java on a 64 bit OS
#   Decrease Java heap size (-Xmx/-Xms)
#   Decrease number of Java threads
#   Decrease Java thread stack sizes (-Xss)
#   Set larger code cache with -XX:ReservedCodeCacheSize=
# This output file may be truncated or incomplete.
#
#  Out of Memory Error (allocation.cpp:390), pid=5844, tid=3060
#
# JRE version: Java(TM) SE Runtime Environment (8.0_66-b17) (build 1.8.0_66-b17)
# Java VM: Java HotSpot(TM) 64-Bit Server VM (25.66-b17 mixed mode windows-amd64 compressed oops)
# Failed to write core dump. Minidumps are not enabled by default on client versions of Windows
#

---------------  T H R E A D  ---------------

Current thread (0x000000001659c800):  JavaThread "C2 CompilerThread1" daemon [_thread_in_native, id=3060, stack(0x0000000017ce0000,0x0000000017de0000)]

Stack: [0x0000000017ce0000,0x0000000017de0000]
[error occurred during error reporting (printing stack bounds), id 0xc0000005]

Native frames: (J=compiled Java code, j=interpreted, Vv=VM code, C=native code)


Current CompileTask:
C2:6924535 31472   !   4       com.android.manifmerger.XmlElement::<init> (596 bytes)


---------------  P R O C E S S  ---------------

Java Threads: ( => current thread )
  0x000000001cf9f000 JavaThread "stdout" [_thread_in_native, id=2536, stack(0x0000000056fa0000,0x00000000570a0000)]
  0x000000001cfa6000 JavaThread "stderr" [_thread_in_native, id=8044, stack(0x0000000056ea0000,0x0000000056fa0000)]
  0x000000001cfa5000 JavaThread "stdout" [_thread_in_native, id=5740, stack(0x0000000056da0000,0x0000000056ea0000)]
  0x000000001df68800 JavaThread "stderr" [_thread_in_native, id=3096, stack(0x0000000056ca0000,0x0000000056da0000)]
  0x000000001df67800 JavaThread "stdout" [_thread_in_native, id=1476, stack(0x0000000056ba0000,0x0000000056ca0000)]
  0x000000001df69000 JavaThread "stderr" [_thread_in_native, id=3532, stack(0x0000000056aa0000,0x0000000056ba0000)]
  0x000000001df5c800 JavaThread "stdout" [_thread_in_native, id=10388, stack(0x00000000569a0000,0x0000000056aa0000)]
  0x000000001df62800 JavaThread "stderr" [_thread_in_native, id=9876, stack(0x00000000568a0000,0x00000000569a0000)]
  0x000000001df61000 JavaThread "pool-41-thread-1" [_thread_blocked, id=5796, stack(0x00000000567a0000,0x00000000568a0000)]
  0x0000000018b5b800 JavaThread "WorkerExecutor Queue Thread 4" [_thread_blocked, id=1228, stack(0x00000000566a0000,0x00000000567a0000)]
  0x0000000018b5b000 JavaThread "WorkerExecutor Queue Thread 3" [_thread_blocked, id=2540, stack(0x00000000565a0000,0x00000000566a0000)]
  0x0000000018b5a000 JavaThread "WorkerExecutor Queue Thread 2" [_thread_blocked, id=9784, stack(0x00000000564a0000,0x00000000565a0000)]
  0x000000002beac800 JavaThread "WorkerExecutor Queue" [_thread_blocked, id=4188, stack(0x00000000563a0000,0x00000000564a0000)]
  0x000000002beac000 JavaThread "Cache worker for execution history cache (C:\Project\Shaar\Shaar\.gradle\5.4.1\executionHistory)" [_thread_blocked, id=5868, stack(0x00000000562a0000,0x00000000563a0000)]
  0x000000002bead800 JavaThread "Execution worker for ':' Thread 3" [_thread_in_native, id=6460, stack(0x00000000561a0000,0x00000000562a0000)]
  0x000000002beab000 JavaThread "Execution worker for ':' Thread 2" [_thread_blocked, id=6596, stack(0x00000000560a0000,0x00000000561a0000)]
  0x000000002beb1000 JavaThread "Execution worker for ':'" [_thread_blocked, id=7100, stack(0x0000000055fa0000,0x00000000560a0000)]
  0x000000002beaa800 JavaThread "Cache worker for file content cache (C:\Project\Shaar\Shaar\.gradle\5.4.1\fileContent)" [_thread_blocked, id=4288, stack(0x0000000055ea0000,0x0000000055fa0000)]
  0x000000002beaf800 JavaThread "Cache worker for Build Output Cleanup Cache (C:\Project\Shaar\Shaar\.gradle\buildOutputCleanup)" [_thread_blocked, id=10220, stack(0x0000000055da0000,0x0000000055ea0000)]
  0x0000000028b3b800 JavaThread "pool-40-thread-1" [_thread_blocked, id=1520, stack(0x0000000055ca0000,0x0000000055da0000)]
  0x0000000028b3a000 JavaThread "Build operations Thread 4" [_thread_blocked, id=1368, stack(0x0000000055ba0000,0x0000000055ca0000)]
  0x0000000028b39800 JavaThread "Build operations Thread 3" [_thread_blocked, id=5464, stack(0x0000000055aa0000,0x0000000055ba0000)]
  0x0000000028b40000 JavaThread "Build operations Thread 2" [_thread_blocked, id=2020, stack(0x00000000559a0000,0x0000000055aa0000)]
  0x0000000028b3e000 JavaThread "Build operations" [_thread_blocked, id=5832, stack(0x00000000558a0000,0x00000000559a0000)]
  0x0000000028b36800 JavaThread "Cache worker for cache directory md-rule (C:\Users\Hamzeh\.gradle\caches\5.4.1\md-rule)" [_thread_blocked, id=7612, stack(0x00000000557a0000,0x00000000558a0000)]
  0x0000000028b32000 JavaThread "Cache worker for cache directory md-supplier (C:\Users\Hamzeh\.gradle\caches\5.4.1\md-supplier)" [_thread_blocked, id=2664, stack(0x00000000556a0000,0x00000000557a0000)]
  0x0000000028b38800 JavaThread "Cache worker for file hash cache (C:\Project\Shaar\Shaar\.gradle\5.4.1\fileHashes)" [_thread_blocked, id=3916, stack(0x00000000555a0000,0x00000000556a0000)]
  0x0000000028b38000 JavaThread "Thread-424" [_thread_blocked, id=10800, stack(0x00000000554a0000,0x00000000555a0000)]
  0x0000000028b35800 JavaThread "Stdin handler" [_thread_blocked, id=9372, stack(0x00000000553a0000,0x00000000554a0000)]
  0x0000000028b35000 JavaThread "Asynchronous log dispatcher for DefaultDaemonConnection: socket connection from /127.0.0.1:1689 to /127.0.0.1:3288" [_thread_blocked, id=5968, stack(0x00000000552a0000,0x00000000553a0000)]
  0x0000000028b32800 JavaThread "Cancel handler" [_thread_blocked, id=7452, stack(0x00000000551a0000,0x00000000552a0000)]
  0x0000000028b37000 JavaThread "Handler for socket connection from /127.0.0.1:1689 to /127.0.0.1:3288" [_thread_in_native, id=8948, stack(0x00000000550a0000,0x00000000551a0000)]
  0x000000001cfa9800 JavaThread "Daemon worker Thread 10" [_thread_blocked, id=10368, stack(0x000000004b5f0000,0x000000004b6f0000)]
  0x000000001cfa0800 JavaThread "Daemon Thread 10" [_thread_blocked, id=6208, stack(0x000000004b2f0000,0x000000004b3f0000)]
  0x000000001df5e800 JavaThread "Cache worker for Java compile cache (C:\Users\Hamzeh\.gradle\caches\5.4.1\javaCompile)" [_thread_blocked, id=728, stack(0x0000000026700000,0x0000000026800000)]
  0x0000000018b60800 JavaThread "Cache worker for file content cache (C:\Users\Hamzeh\.gradle\caches\5.4.1\fileContent)" [_thread_blocked, id=5256, stack(0x0000000025c00000,0x0000000025d00000)]
  0x000000001cfa3800 JavaThread "Memory manager" [_thread_blocked, id=9260, stack(0x0000000023620000,0x0000000023720000)]
  0x000000001cf9b800 JavaThread "Cache worker for execution history cache (C:\Users\Hamzeh\.gradle\caches\5.4.1\executionHistory)" [_thread_blocked, id=9172, stack(0x000000001f500000,0x000000001f600000)]
  0x0000000018b1c000 JavaThread "Cache worker for journal cache (C:\Users\Hamzeh\.gradle\caches\journal-1)" [_thread_blocked, id=4472, stack(0x000000001b2d0000,0x000000001b3d0000)]
  0x0000000018b20800 JavaThread "File lock request listener" [_thread_in_native, id=9944, stack(0x000000001b1d0000,0x000000001b2d0000)]
  0x0000000018b20000 JavaThread "Cache worker for file hash cache (C:\Users\Hamzeh\.gradle\caches\5.4.1\fileHashes)" [_thread_blocked, id=9948, stack(0x000000001aed0000,0x000000001afd0000)]
  0x00000000193e9800 JavaThread "Daemon periodic checks" [_thread_blocked, id=8336, stack(0x000000001a4d0000,0x000000001a5d0000)]
  0x0000000019705800 JavaThread "Incoming local TCP Connector on port 1689" [_thread_in_native, id=5304, stack(0x000000001a2f0000,0x000000001a3f0000)]
  0x0000000019111000 JavaThread "Daemon health stats" [_thread_blocked, id=6172, stack(0x0000000019cb0000,0x0000000019db0000)]
  0x00000000165fe000 JavaThread "Service Thread" daemon [_thread_blocked, id=9508, stack(0x00000000182e0000,0x00000000183e0000)]
  0x00000000165be000 JavaThread "C1 CompilerThread2" daemon [_thread_blocked, id=10104, stack(0x0000000017de0000,0x0000000017ee0000)]
=>0x000000001659c800 JavaThread "C2 CompilerThread1" daemon [_thread_in_native, id=3060, stack(0x0000000017ce0000,0x0000000017de0000)]
  0x0000000016599800 JavaThread "C2 CompilerThread0" daemon [_thread_in_native, id=7728, stack(0x0000000017be0000,0x0000000017ce0000)]
  0x0000000016597800 JavaThread "Attach Listener" daemon [_thread_blocked, id=9620, stack(0x0000000017ae0000,0x0000000017be0000)]
  0x00000000165ad000 JavaThread "Signal Dispatcher" daemon [_thread_blocked, id=5620, stack(0x00000000179e0000,0x0000000017ae0000)]
  0x0000000002c26000 JavaThread "Finalizer" daemon [_thread_blocked, id=5360, stack(0x0000000017800000,0x0000000017900000)]
  0x0000000002c1d000 JavaThread "Reference Handler" daemon [_thread_blocked, id=5848, stack(0x0000000017700000,0x0000000017800000)]
  0x0000000002b30800 JavaThread "main" [_thread_blocked, id=10196, stack(0x0000000002960000,0x0000000002a60000)]

Other Threads:
  0x0000000016568000 VMThread [stack: 0x0000000017600000,0x0000000017700000] [id=9160]
  0x0000000017ef6800 WatcherThread [stack: 0x00000000183e0000,0x00000000184e0000] [id=8236]

VM state:not at safepoint (normal execution)

VM Mutex/Monitor currently owned by a thread: None

Heap:
 PSYoungGen      total 351744K, used 76069K [0x00000000e0000000, 0x00000000fc000000, 0x0000000100000000)
  eden space 248832K, 18% used [0x00000000e0000000,0x00000000e2bef8a0,0x00000000ef300000)
  from space 102912K, 30% used [0x00000000f5b80000,0x00000000f79d9ca8,0x00000000fc000000)
  to   space 104960K, 0% used [0x00000000ef300000,0x00000000ef300000,0x00000000f5980000)
 ParOldGen       total 343552K, used 154638K [0x00000000a0000000, 0x00000000b4f80000, 0x00000000e0000000)
  object space 343552K, 45% used [0x00000000a0000000,0x00000000a9703ac8,0x00000000b4f80000)
 Metaspace       used 99143K, capacity 105850K, committed 106240K, reserved 1140736K
  class space    used 12808K, capacity 13927K, committed 14080K, reserved 1048576K

Card table byte_map: [0x0000000011ff0000,0x0000000012300000] byte_map_base: 0x0000000011af0000

Marking Bits: (ParMarkBitMap*) 0x0000000052f3a5b0
 Begin Bits: [0x0000000012900000, 0x0000000014100000)
 End Bits:   [0x0000000014100000, 0x0000000015900000)

Polling page: 0x0000000001310000

CodeCache: size=245760Kb used=87352Kb max_used=87365Kb free=158407Kb
 bounds [0x0000000002c30000, 0x0000000008200000, 0x0000000011c30000]
 total_blobs=23432 nmethods=22551 adapters=789
 compilation: enabled

Compilation events (10 events):
Event: 6922.835 Thread 0x0000000016599800 nmethod 31481 0x00000000081eba90 code [0x00000000081ebbe0, 0x00000000081ebcb8]
Event: 6922.835 Thread 0x0000000016599800 31482       4       java.util.regex.Pattern::escape (1151 bytes)
Event: 6922.836 Thread 0x00000000165be000 31484       3       com.sun.org.apache.xerces.internal.impl.XMLEntityScanner::skipString (104 bytes)
Event: 6922.837 Thread 0x00000000165be000 nmethod 31484 0x00000000081d9850 code [0x00000000081d9a00, 0x00000000081da078]
Event: 6922.848 Thread 0x0000000016599800 nmethod 31482 0x00000000081ef610 code [0x00000000081efc00, 0x00000000081f0a80]
Event: 6922.848 Thread 0x0000000016599800 31485       4       com.android.manifmerger.XmlNode::unwrapName (36 bytes)
Event: 6922.857 Thread 0x0000000016599800 nmethod 31485 0x00000000081ee450 code [0x00000000081ee5e0, 0x00000000081eed18]
Event: 6922.857 Thread 0x0000000016599800 31486       4       com.android.utils.PositionXmlParser$DomBuilder::findOpeningTag (131 bytes)
Event: 6922.867 Thread 0x0000000016599800 nmethod 31486 0x00000000081f3650 code [0x00000000081f37a0, 0x00000000081f3ef8]
Event: 6922.867 Thread 0x0000000016599800 31488       4       com.sun.org.apache.xerces.internal.dom.CoreDocumentImpl::setUserData (179 bytes)

GC Heap History (10 events):
Event: 6784.408 GC heap before
{Heap before GC invocations=91 (full 7):
 PSYoungGen      total 351232K, used 217280K [0x00000000e0000000, 0x00000000fe600000, 0x0000000100000000)
  eden space 210944K, 100% used [0x00000000e0000000,0x00000000ece00000,0x00000000ece00000)
  from space 140288K, 4% used [0x00000000ece00000,0x00000000ed430020,0x00000000f5700000)
  to   space 135168K, 0% used [0x00000000f6200000,0x00000000f6200000,0x00000000fe600000)
 ParOldGen       total 343552K, used 154598K [0x00000000a0000000, 0x00000000b4f80000, 0x00000000e0000000)
  object space 343552K, 45% used [0x00000000a0000000,0x00000000a96f9ac8,0x00000000b4f80000)
 Metaspace       used 97199K, capacity 102432K, committed 102656K, reserved 1138688K
  class space    used 12530K, capacity 13470K, committed 13568K, reserved 1048576K
Event: 6784.417 GC heap after
Heap after GC invocations=91 (full 7):
 PSYoungGen      total 346112K, used 10545K [0x00000000e0000000, 0x00000000fd800000, 0x0000000100000000)
  eden space 225280K, 0% used [0x00000000e0000000,0x00000000e0000000,0x00000000edc00000)
  from space 120832K, 8% used [0x00000000f6200000,0x00000000f6c4c618,0x00000000fd800000)
  to   space 129024K, 0% used [0x00000000edc00000,0x00000000edc00000,0x00000000f5a00000)
 ParOldGen       total 343552K, used 154606K [0x00000000a0000000, 0x00000000b4f80000, 0x00000000e0000000)
  object space 343552K, 45% used [0x00000000a0000000,0x00000000a96fbac8,0x00000000b4f80000)
 Metaspace       used 97199K, capacity 102432K, committed 102656K, reserved 1138688K
  class space    used 12530K, capacity 13470K, committed 13568K, reserved 1048576K
}
Event: 6841.598 GC heap before
{Heap before GC invocations=92 (full 7):
 PSYoungGen      total 346112K, used 235825K [0x00000000e0000000, 0x00000000fd800000, 0x0000000100000000)
  eden space 225280K, 100% used [0x00000000e0000000,0x00000000edc00000,0x00000000edc00000)
  from space 120832K, 8% used [0x00000000f6200000,0x00000000f6c4c618,0x00000000fd800000)
  to   space 129024K, 0% used [0x00000000edc00000,0x00000000edc00000,0x00000000f5a00000)
 ParOldGen       total 343552K, used 154606K [0x00000000a0000000, 0x00000000b4f80000, 0x00000000e0000000)
  object space 343552K, 45% used [0x00000000a0000000,0x00000000a96fbac8,0x00000000b4f80000)
 Metaspace       used 98178K, capacity 104538K, committed 104832K, reserved 1140736K
  class space    used 12723K, capacity 13789K, committed 13952K, reserved 1048576K
Event: 6841.623 GC heap after
Heap after GC invocations=92 (full 7):
 PSYoungGen      total 354304K, used 9177K [0x00000000e0000000, 0x00000000fd980000, 0x0000000100000000)
  eden space 225280K, 0% used [0x00000000e0000000,0x00000000e0000000,0x00000000edc00000)
  from space 129024K, 7% used [0x00000000edc00000,0x00000000ee4f6430,0x00000000f5a00000)
  to   space 123392K, 0% used [0x00000000f6100000,0x00000000f6100000,0x00000000fd980000)
 ParOldGen       total 343552K, used 154614K [0x00000000a0000000, 0x00000000b4f80000, 0x00000000e0000000)
  object space 343552K, 45% used [0x00000000a0000000,0x00000000a96fdac8,0x00000000b4f80000)
 Metaspace       used 98178K, capacity 104538K, committed 104832K, reserved 1140736K
  class space    used 12723K, capacity 13789K, committed 13952K, reserved 1048576K
}
Event: 6891.159 GC heap before
{Heap before GC invocations=93 (full 7):
 PSYoungGen      total 354304K, used 234457K [0x00000000e0000000, 0x00000000fd980000, 0x0000000100000000)
  eden space 225280K, 100% used [0x00000000e0000000,0x00000000edc00000,0x00000000edc00000)
  from space 129024K, 7% used [0x00000000edc00000,0x00000000ee4f6430,0x00000000f5a00000)
  to   space 123392K, 0% used [0x00000000f6100000,0x00000000f6100000,0x00000000fd980000)
 ParOldGen       total 343552K, used 154614K [0x00000000a0000000, 0x00000000b4f80000, 0x00000000e0000000)
  object space 343552K, 45% used [0x00000000a0000000,0x00000000a96fdac8,0x00000000b4f80000)
 Metaspace       used 98490K, capacity 105112K, committed 105344K, reserved 1140736K
  class space    used 12770K, capacity 13874K, committed 13952K, reserved 1048576K
Event: 6891.170 GC heap after
Heap after GC invocations=93 (full 7):
 PSYoungGen      total 344064K, used 8777K [0x00000000e0000000, 0x00000000fcb00000, 0x0000000100000000)
  eden space 235520K, 0% used [0x00000000e0000000,0x00000000e0000000,0x00000000ee600000)
  from space 108544K, 8% used [0x00000000f6100000,0x00000000f6992420,0x00000000fcb00000)
  to   space 117248K, 0% used [0x00000000ee600000,0x00000000ee600000,0x00000000f5880000)
 ParOldGen       total 343552K, used 154622K [0x00000000a0000000, 0x00000000b4f80000, 0x00000000e0000000)
  object space 343552K, 45% used [0x00000000a0000000,0x00000000a96ffac8,0x00000000b4f80000)
 Metaspace       used 98490K, capacity 105112K, committed 105344K, reserved 1140736K
  class space    used 12770K, capacity 13874K, committed 13952K, reserved 1048576K
}
Event: 6920.211 GC heap before
{Heap before GC invocations=94 (full 7):
 PSYoungGen      total 344064K, used 244297K [0x00000000e0000000, 0x00000000fcb00000, 0x0000000100000000)
  eden space 235520K, 100% used [0x00000000e0000000,0x00000000ee600000,0x00000000ee600000)
  from space 108544K, 8% used [0x00000000f6100000,0x00000000f6992420,0x00000000fcb00000)
  to   space 117248K, 0% used [0x00000000ee600000,0x00000000ee600000,0x00000000f5880000)
 ParOldGen       total 343552K, used 154622K [0x00000000a0000000, 0x00000000b4f80000, 0x00000000e0000000)
  object space 343552K, 45% used [0x00000000a0000000,0x00000000a96ffac8,0x00000000b4f80000)
 Metaspace       used 98751K, capacity 105408K, committed 105728K, reserved 1140736K
  class space    used 12791K, capacity 13918K, committed 14080K, reserved 1048576K
Event: 6920.226 GC heap after
Heap after GC invocations=94 (full 7):
 PSYoungGen      total 352768K, used 9855K [0x00000000e0000000, 0x00000000fc880000, 0x0000000100000000)
  eden space 235520K, 0% used [0x00000000e0000000,0x00000000e0000000,0x00000000ee600000)
  from space 117248K, 8% used [0x00000000ee600000,0x00000000eef9fee0,0x00000000f5880000)
  to   space 111616K, 0% used [0x00000000f5b80000,0x00000000f5b80000,0x00000000fc880000)
 ParOldGen       total 343552K, used 154630K [0x00000000a0000000, 0x00000000b4f80000, 0x00000000e0000000)
  object space 343552K, 45% used [0x00000000a0000000,0x00000000a9701ac8,0x00000000b4f80000)
 Metaspace       used 98751K, capacity 105408K, committed 105728K, reserved 1140736K
  class space    used 12791K, capacity 13918K, committed 14080K, reserved 1048576K
}
Event: 6922.094 GC heap before
{Heap before GC invocations=95 (full 7):
 PSYoungGen      total 352768K, used 245375K [0x00000000e0000000, 0x00000000fc880000, 0x0000000100000000)
  eden space 235520K, 100% used [0x00000000e0000000,0x00000000ee600000,0x00000000ee600000)
  from space 117248K, 8% used [0x00000000ee600000,0x00000000eef9fee0,0x00000000f5880000)
  to   space 111616K, 0% used [0x00000000f5b80000,0x00000000f5b80000,0x00000000fc880000)
 ParOldGen       total 343552K, used 154630K [0x00000000a0000000, 0x00000000b4f80000, 0x00000000e0000000)
  object space 343552K, 45% used [0x00000000a0000000,0x00000000a9701ac8,0x00000000b4f80000)
 Metaspace       used 99018K, capacity 105716K, committed 105984K, reserved 1140736K
  class space    used 12796K, capacity 13926K, committed 14080K, reserved 1048576K
Event: 6922.135 GC heap after
Heap after GC invocations=95 (full 7):
 PSYoungGen      total 351744K, used 31079K [0x00000000e0000000, 0x00000000fc000000, 0x0000000100000000)
  eden space 248832K, 0% used [0x00000000e0000000,0x00000000e0000000,0x00000000ef300000)
  from space 102912K, 30% used [0x00000000f5b80000,0x00000000f79d9ca8,0x00000000fc000000)
  to   space 104960K, 0% used [0x00000000ef300000,0x00000000ef300000,0x00000000f5980000)
 ParOldGen       total 343552K, used 154638K [0x00000000a0000000, 0x00000000b4f80000, 0x00000000e0000000)
  object space 343552K, 45% used [0x00000000a0000000,0x00000000a9703ac8,0x00000000b4f80000)
 Metaspace       used 99018K, capacity 105716K, committed 105984K, reserved 1140736K
  class space    used 12796K, capacity 13926K, committed 14080K, reserved 1048576K
}

Deoptimization events (10 events):
Event: 6922.322 Thread 0x0000000018b5b800 Uncommon trap: reason=unstable_if action=reinterpret pc=0x00000000045ea05c method=java.util.regex.Pattern$Branch.match(Ljava/util/regex/Matcher;ILjava/lang/CharSequence;)Z @ 35
Event: 6922.322 Thread 0x0000000018b5b800 Uncommon trap: reason=class_check action=maybe_recompile pc=0x000000000458f01c method=java.util.regex.Pattern$Curly.match1(Ljava/util/regex/Matcher;IILjava/lang/CharSequence;)Z @ 8
Event: 6922.322 Thread 0x0000000018b5b800 Uncommon trap: reason=class_check action=maybe_recompile pc=0x000000000458f01c method=java.util.regex.Pattern$Curly.match1(Ljava/util/regex/Matcher;IILjava/lang/CharSequence;)Z @ 8
Event: 6922.322 Thread 0x0000000018b5b800 Uncommon trap: reason=class_check action=maybe_recompile pc=0x000000000458f01c method=java.util.regex.Pattern$Curly.match1(Ljava/util/regex/Matcher;IILjava/lang/CharSequence;)Z @ 8
Event: 6922.323 Thread 0x0000000018b5b800 Uncommon trap: reason=unstable_if action=reinterpret pc=0x00000000072a429c method=com.android.ide.common.blame.SourcePosition.equals(Ljava/lang/Object;)Z @ 29
Event: 6922.728 Thread 0x000000002beab000 Uncommon trap: reason=bimorphic action=maybe_recompile pc=0x000000000813b194 method=java.io.Writer.append(Ljava/lang/CharSequence;)Ljava/io/Writer; @ 20
Event: 6922.814 Thread 0x000000002bead800 Uncommon trap: reason=class_check action=maybe_recompile pc=0x0000000007f88048 method=com.sun.org.apache.xerces.internal.dom.NamedNodeMapImpl.getNamedItemNS(Ljava/lang/String;Ljava/lang/String;)Lorg/w3c/dom/Node; @ 28
Event: 6922.814 Thread 0x000000002bead800 Uncommon trap: reason=class_check action=maybe_recompile pc=0x0000000007f88048 method=com.sun.org.apache.xerces.internal.dom.NamedNodeMapImpl.getNamedItemNS(Ljava/lang/String;Ljava/lang/String;)Lorg/w3c/dom/Node; @ 28
Event: 6922.814 Thread 0x000000002bead800 Uncommon trap: reason=class_check action=maybe_recompile pc=0x0000000007f88048 method=com.sun.org.apache.xerces.internal.dom.NamedNodeMapImpl.getNamedItemNS(Ljava/lang/String;Ljava/lang/String;)Lorg/w3c/dom/Node; @ 28
Event: 6922.814 Thread 0x000000002bead800 Uncommon trap: reason=class_check action=maybe_recompile pc=0x0000000007f88048 method=com.sun.org.apache.xerces.internal.dom.NamedNodeMapImpl.getNamedItemNS(Ljava/lang/String;Ljava/lang/String;)Lorg/w3c/dom/Node; @ 28

Internal exceptions (10 events):
Event: 6913.509 Thread 0x000000001cfa9800 Exception <a 'sun/nio/fs/WindowsException'> (0x00000000e4bf9c20) thrown at [C:\re\workspace\8-2-build-windows-amd64-cygwin\jdk8u66\4988\hotspot\src\share\vm\prims\jni.cpp, line 709]
Event: 6913.591 Thread 0x0000000018b61000 Exception <a 'java/lang/NoSuchMethodError': <clinit>> (0x00000000e5cb7350) thrown at [C:\re\workspace\8-2-build-windows-amd64-cygwin\jdk8u66\4988\hotspot\src\share\vm\prims\jni.cpp, line 1591]
Event: 6916.432 Thread 0x000000001cfa9800 Exception <a 'sun/nio/fs/WindowsException'> (0x00000000e8593a98) thrown at [C:\re\workspace\8-2-build-windows-amd64-cygwin\jdk8u66\4988\hotspot\src\share\vm\prims\jni.cpp, line 709]
Event: 6919.423 Thread 0x000000001cfa9800 Exception <a 'sun/nio/fs/WindowsException'> (0x00000000e8f39de0) thrown at [C:\re\workspace\8-2-build-windows-amd64-cygwin\jdk8u66\4988\hotspot\src\share\vm\prims\jni.cpp, line 709]
Event: 6920.172 Thread 0x000000001cfa9800 Exception <a 'java/lang/NoSuchMethodError': <clinit>> (0x00000000ed7251c8) thrown at [C:\re\workspace\8-2-build-windows-amd64-cygwin\jdk8u66\4988\hotspot\src\share\vm\prims\jni.cpp, line 1591]
Event: 6920.173 Thread 0x000000001cfa9800 Exception <a 'java/lang/NoSuchMethodError': <clinit>> (0x00000000ed73a2f8) thrown at [C:\re\workspace\8-2-build-windows-amd64-cygwin\jdk8u66\4988\hotspot\src\share\vm\prims\jni.cpp, line 1591]
Event: 6920.189 Thread 0x000000002beac800 Exception <a 'sun/nio/fs/WindowsException'> (0x00000000eddd5d18) thrown at [C:\re\workspace\8-2-build-windows-amd64-cygwin\jdk8u66\4988\hotspot\src\share\vm\prims\jni.cpp, line 709]
Event: 6920.195 Thread 0x000000002beab000 Exception <a 'sun/nio/fs/WindowsException'> (0x00000000ee13d188) thrown at [C:\re\workspace\8-2-build-windows-amd64-cygwin\jdk8u66\4988\hotspot\src\share\vm\prims\jni.cpp, line 709]
Event: 6920.392 Thread 0x000000001cfa9800 Implicit null exception at 0x0000000007e64153 to 0x0000000007e644e1
Event: 6921.695 Thread 0x000000001cfa9800 Implicit null exception at 0x000000000505611b to 0x0000000005057389

Events (10 events):
Event: 6922.847 Thread 0x000000002bead800 DEOPT PACKING pc=0x00000000047c9228 sp=0x000000005629b2e0
Event: 6922.847 Thread 0x000000002bead800 DEOPT UNPACKING pc=0x0000000002c7787f sp=0x000000005629b048 mode 0
Event: 6922.851 Thread 0x000000002bead800 DEOPT PACKING pc=0x00000000047c9228 sp=0x000000005629b4a0
Event: 6922.851 Thread 0x000000002bead800 DEOPT UNPACKING pc=0x0000000002c7787f sp=0x000000005629b208 mode 0
Event: 6922.854 Thread 0x000000002bead800 DEOPT PACKING pc=0x00000000047c9228 sp=0x000000005629b2e0
Event: 6922.854 Thread 0x000000002bead800 DEOPT UNPACKING pc=0x0000000002c7787f sp=0x000000005629b048 mode 0
Event: 6922.860 Thread 0x000000002bead800 DEOPT PACKING pc=0x00000000047c9228 sp=0x000000005629b1c0
Event: 6922.860 Thread 0x000000002bead800 DEOPT UNPACKING pc=0x0000000002c7787f sp=0x000000005629af28 mode 0
Event: 6922.866 Thread 0x000000002bead800 DEOPT PACKING pc=0x00000000047c9228 sp=0x000000005629b4a0
Event: 6922.866 Thread 0x000000002bead800 DEOPT UNPACKING pc=0x0000000002c7787f sp=0x000000005629b208 mode 0


Dynamic libraries:
0x00007ff7403b0000 - 0x00007ff7403e7000 	C:\Program Files\Java\jdk1.8.0_66\bin\java.exe
0x00007ffe2b5e0000 - 0x00007ffe2b7a1000 	C:\Windows\SYSTEM32\ntdll.dll
0x00007ffe2a2f0000 - 0x00007ffe2a39d000 	C:\Windows\system32\KERNEL32.DLL
0x00007ffe27f10000 - 0x00007ffe280f8000 	C:\Windows\system32\KERNELBASE.dll
0x00007ffe2ae00000 - 0x00007ffe2aea7000 	C:\Windows\system32\ADVAPI32.dll
0x00007ffe2a250000 - 0x00007ffe2a2ed000 	C:\Windows\system32\msvcrt.dll
0x00007ffe2abc0000 - 0x00007ffe2ac1b000 	C:\Windows\system32\sechost.dll
0x00007ffe29ff0000 - 0x00007ffe2a10d000 	C:\Windows\system32\RPCRT4.dll
0x00007ffe2b480000 - 0x00007ffe2b5d6000 	C:\Windows\system32\USER32.dll
0x00007ffe2aeb0000 - 0x00007ffe2b037000 	C:\Windows\system32\GDI32.dll
0x00007ffe11970000 - 0x00007ffe11be4000 	C:\Windows\WinSxS\amd64_microsoft.windows.common-controls_6595b64144ccf1df_6.0.10586.839_none_a2ddba30a539a2ae\COMCTL32.dll
0x00007ffe2b040000 - 0x00007ffe2b2be000 	C:\Windows\system32\combase.dll
0x00007ffe28100000 - 0x00007ffe2816a000 	C:\Windows\system32\bcryptPrimitives.dll
0x00007ffe2a190000 - 0x00007ffe2a1cb000 	C:\Windows\system32\IMM32.DLL
0x0000000052fc0000 - 0x0000000053092000 	C:\Program Files\Java\jdk1.8.0_66\jre\bin\msvcr100.dll
0x0000000052730000 - 0x0000000052fb9000 	C:\Program Files\Java\jdk1.8.0_66\jre\bin\server\jvm.dll
0x00007ffe2a9f0000 - 0x00007ffe2a9f8000 	C:\Windows\system32\PSAPI.DLL
0x00007ffe263f0000 - 0x00007ffe26413000 	C:\Windows\SYSTEM32\WINMM.dll
0x00007ffe1ee10000 - 0x00007ffe1ee1a000 	C:\Windows\SYSTEM32\VERSION.dll
0x00007ffdfec30000 - 0x00007ffdfec39000 	C:\Windows\SYSTEM32\WSOCK32.dll
0x00007ffe2a400000 - 0x00007ffe2a46b000 	C:\Windows\system32\WS2_32.dll
0x00000000028e0000 - 0x000000000290c000 	C:\Windows\SYSTEM32\WINMMBASE.dll
0x00007ffe287c0000 - 0x00007ffe28803000 	C:\Windows\system32\cfgmgr32.dll
0x0000000052720000 - 0x000000005272f000 	C:\Program Files\Java\jdk1.8.0_66\jre\bin\verify.dll
0x00000000526f0000 - 0x0000000052719000 	C:\Program Files\Java\jdk1.8.0_66\jre\bin\java.dll
0x00000000526d0000 - 0x00000000526e6000 	C:\Program Files\Java\jdk1.8.0_66\jre\bin\zip.dll
0x00007ffe28a90000 - 0x00007ffe29fec000 	C:\Windows\system32\SHELL32.dll
0x00007ffe28170000 - 0x00007ffe287b5000 	C:\Windows\system32\windows.storage.dll
0x00007ffe2a1d0000 - 0x00007ffe2a222000 	C:\Windows\system32\shlwapi.dll
0x00007ffe27c30000 - 0x00007ffe27c3f000 	C:\Windows\system32\kernel.appcore.dll
0x00007ffe27c90000 - 0x00007ffe27d45000 	C:\Windows\system32\shcore.dll
0x00007ffe27c40000 - 0x00007ffe27c8b000 	C:\Windows\system32\powrprof.dll
0x00007ffe27c00000 - 0x00007ffe27c14000 	C:\Windows\system32\profapi.dll
0x00000000526b0000 - 0x00000000526ca000 	C:\Program Files\Java\jdk1.8.0_66\jre\bin\net.dll
0x00007ffe274d0000 - 0x00007ffe2752c000 	C:\Windows\system32\mswsock.dll
0x0000000052690000 - 0x00000000526a1000 	C:\Program Files\Java\jdk1.8.0_66\jre\bin\nio.dll
0x00007ffe1dca0000 - 0x00007ffe1dcc6000 	C:\Users\Hamzeh\.gradle\native\29\windows-amd64\native-platform.dll
0x0000000052680000 - 0x000000005268d000 	C:\Program Files\Java\jdk1.8.0_66\jre\bin\management.dll
0x00007ffe27580000 - 0x00007ffe27597000 	C:\Windows\SYSTEM32\CRYPTSP.dll
0x00007ffe27210000 - 0x00007ffe27244000 	C:\Windows\system32\rsaenh.dll
0x00007ffe27b30000 - 0x00007ffe27b59000 	C:\Windows\SYSTEM32\bcrypt.dll
0x00007ffe27360000 - 0x00007ffe2737f000 	C:\Windows\SYSTEM32\USERENV.dll
0x00007ffe27b20000 - 0x00007ffe27b2b000 	C:\Windows\SYSTEM32\CRYPTBASE.dll
0x00007ffe24c60000 - 0x00007ffe24c98000 	C:\Windows\SYSTEM32\IPHLPAPI.DLL
0x00007ffe2a180000 - 0x00007ffe2a188000 	C:\Windows\system32\NSI.dll
0x00007ffe22060000 - 0x00007ffe22076000 	C:\Windows\SYSTEM32\dhcpcsvc6.DLL
0x00007ffe21dc0000 - 0x00007ffe21dda000 	C:\Windows\SYSTEM32\dhcpcsvc.DLL
0x00007ffe266e0000 - 0x00007ffe2678a000 	C:\Windows\SYSTEM32\DNSAPI.dll
0x00007ffe1f5e0000 - 0x00007ffe1f5ea000 	C:\Windows\System32\rasadhlp.dll
0x00007ffe22120000 - 0x00007ffe22187000 	C:\Windows\System32\fwpuclnt.dll

VM Arguments:
jvm_args: -Xmx1536m -Dfile.encoding=windows-1252 -Duser.country=US -Duser.language=en -Duser.variant 
java_command: org.gradle.launcher.daemon.bootstrap.GradleDaemon 5.4.1
java_class_path (initial): C:\Users\Hamzeh\.gradle\wrapper\dists\gradle-5.4.1-all\3221gyojl5jsh0helicew7rwx\gradle-5.4.1\lib\gradle-launcher-5.4.1.jar
Launcher Type: SUN_STANDARD

Environment Variables:
PATH=C:\Windows\system32;C:\Windows;C:\Windows\System32\Wbem;C:\Windows\System32\WindowsPowerShell\v1.0\;C:\Program Files\Microsoft DNX\Dnvm\;C:\Program Files\Microsoft SQL Server\120\Tools\Binn\;C:\Program Files\Microsoft SQL Server\130\Tools\Binn\;C:\Program Files\Microsoft SQL Server\Client SDK\ODBC\110\Tools\Binn\;C:\Program Files (x86)\Microsoft SQL Server\120\Tools\Binn\;C:\Program Files\Microsoft SQL Server\120\DTS\Binn\;C:\Program Files (x86)\Microsoft SQL Server\120\Tools\Binn\ManagementStudio\;C:\Program Files (x86)\Microsoft SQL Server\120\DTS\Binn\;C:\Program Files\Git\cmd;C:\Program Files\Geth;C:\Program Files (x86)\Windows Kits\10\Windows Performance Toolkit\;C:\Program Files\dotnet\
USERNAME=Hamzeh
OS=Windows_NT
PROCESSOR_IDENTIFIER=Intel64 Family 6 Model 58 Stepping 9, GenuineIntel



---------------  S Y S T E M  ---------------

OS: Windows 10.0 , 64 bit Build 10586 (10.0.10586.589)

CPU:total 4 (4 cores per cpu, 1 threads per core) family 6 model 58 stepping 9, cmov, cx8, fxsr, mmx, sse, sse2, sse3, ssse3, sse4.1, sse4.2, popcnt, avx, aes, clmul, erms, tsc, tscinvbit, tscinv

Memory: 4k page, physical 8272428k(1377800k free), swap 11343356k(5940k free)

vm_info: Java HotSpot(TM) 64-Bit Server VM (25.66-b17) for windows-amd64 JRE (1.8.0_66-b17), built on Oct  6 2015 18:55:33 by "java_re" with MS VC++ 10.0 (VS2010)

time: Sun Jan 05 13:15:20 2020
elapsed time: 6922 seconds (0d 1h 55m 22s)

